==================================================================
Phase 1: Local BS-PGD Solver
==================================================================
Job ID: 14245302
Node: jrc0416
Started: Sun Nov 23 02:04:05 AM CET 2025
==================================================================

=== GPU Information ===
name, memory.total [MiB], driver_version
NVIDIA A100-SXM4-40GB, 40960 MiB, 580.95.05
NVIDIA A100-SXM4-40GB, 40960 MiB, 580.95.05
NVIDIA A100-SXM4-40GB, 40960 MiB, 580.95.05
NVIDIA A100-SXM4-40GB, 40960 MiB, 580.95.05

======================================================================
Phase 1: Local Solver Initialization
======================================================================
Device: cuda
GPU: NVIDIA A100-SXM4-40GB
GPU Memory: 42.41 GB

Loading dataset: ../natural_images.pt
✓ Loaded 100 images
  Shape: torch.Size([100, 3, 28, 28])
  Labels: torch.Size([100])

✓ Initializing new state

Initializing Hybrid Ensemble...
  ✓ ResNet50
  ✓ DenseNet121
  ✓ VGG16_BN
  ✓ EfficientNet_B0
  ✓ ResNet18 (ImageNet pretrained, adapted)
✓ Loaded 4 ImageNet models + 1 CIFAR models
  Total ensemble size: 5
======================================================================

======================================================================
Starting Phase 1 Attack
======================================================================

Attack Configuration:
  Epsilon range: [0.5, 12.0]
  Binary search steps: 8
  PGD steps per trial: 150
  Random restarts: 15
  Alpha factor: 2.5
  Momentum: 0.9
  Input diversity: True
  Base kappa: 0.0

No previous kappas found, using default kappa=0.0

Initializing BS-PGD attacker...

======================================================================
Attacking Images
======================================================================

[  1/100] Image ID   0 (Label:   0, κ=0.00)
