==================================================================
Phase 1: BS-PGD Solver - ULTRA-FAST MODE
==================================================================
Job ID: 14245306
Node: jrc0448
Started: Sun Nov 23 02:14:39 AM CET 2025
Expected duration: ~1-2 minutes (10x faster than original)
==================================================================

=== GPU Information ===
name, memory.total [MiB], driver_version
NVIDIA A100-SXM4-40GB, 40960 MiB, 580.95.05
NVIDIA A100-SXM4-40GB, 40960 MiB, 580.95.05
NVIDIA A100-SXM4-40GB, 40960 MiB, 580.95.05
NVIDIA A100-SXM4-40GB, 40960 MiB, 580.95.05

======================================================================
Phase 1: Local Solver Initialization
======================================================================
Device: cuda
GPU: NVIDIA A100-SXM4-40GB
GPU Memory: 42.41 GB

Loading dataset: ../natural_images.pt
✓ Loaded 100 images
  Shape: torch.Size([100, 3, 28, 28])
  Labels: torch.Size([100])

✓ Initializing new state

Initializing Hybrid Ensemble...
======================================================================

Initializing Hybrid Ensemble (fast_mode=True)...
  ✓ ResNet50
  ✓ DenseNet121
✓ Loaded 2 ImageNet models + 0 CIFAR models
  Total ensemble size: 2

======================================================================
Starting Phase 1 Attack
======================================================================

Attack Configuration:
  Epsilon range: [1.5, 8.0]
  Binary search steps: 2
  PGD steps per trial: 30
  Random restarts: 2
  Alpha factor: 2.5
  Momentum: 0.9
  Input diversity: True
  Base kappa: 0.0

No previous kappas found, using default kappa=0.0

Initializing BS-PGD attacker...

======================================================================
Attacking Images
======================================================================

[  1/100] Image ID   0 (Label:   0, κ=0.00)
  ✓ SUCCESS
  L2: 3.1250 (norm: 0.0644) | ε: 3.125 | Margin: +15.11 | Time: 14.0s
  BS steps with success: 2/2
  [ε = max L2 perturbation allowed (raw), Margin = logit_wrong - logit_true]

[  2/100] Image ID   1 (Label:   4, κ=0.00)
  ✓ SUCCESS
  L2: 3.1250 (norm: 0.0644) | ε: 3.125 | Margin: +23.83 | Time: 13.3s
  BS steps with success: 2/2
  [ε = max L2 perturbation allowed (raw), Margin = logit_wrong - logit_true]

[  3/100] Image ID   2 (Label:   7, κ=0.00)
  ✓ SUCCESS
  L2: 3.1250 (norm: 0.0644) | ε: 3.125 | Margin: +8.35 | Time: 13.3s
  BS steps with success: 2/2
  [ε = max L2 perturbation allowed (raw), Margin = logit_wrong - logit_true]

[  4/100] Image ID   3 (Label:   5, κ=0.00)
  ✓ SUCCESS
  L2: 3.1250 (norm: 0.0644) | ε: 3.125 | Margin: +6.87 | Time: 13.3s
  BS steps with success: 2/2
  [ε = max L2 perturbation allowed (raw), Margin = logit_wrong - logit_true]

[  5/100] Image ID   4 (Label:   5, κ=0.00)
  ✓ SUCCESS
  L2: 3.1191 (norm: 0.0643) | ε: 3.125 | Margin: +18.36 | Time: 13.3s
  BS steps with success: 2/2
  [ε = max L2 perturbation allowed (raw), Margin = logit_wrong - logit_true]

[  6/100] Image ID   5 (Label:   8, κ=0.00)
  ✓ SUCCESS
  L2: 3.1242 (norm: 0.0644) | ε: 3.125 | Margin: +20.30 | Time: 13.3s
  BS steps with success: 2/2
  [ε = max L2 perturbation allowed (raw), Margin = logit_wrong - logit_true]

[  7/100] Image ID   6 (Label:   3, κ=0.00)
  ✓ SUCCESS
  L2: 3.1247 (norm: 0.0644) | ε: 3.125 | Margin: +11.80 | Time: 13.3s
  BS steps with success: 2/2
  [ε = max L2 perturbation allowed (raw), Margin = logit_wrong - logit_true]

[  8/100] Image ID   7 (Label:   3, κ=0.00)
  ✓ SUCCESS
  L2: 3.1250 (norm: 0.0644) | ε: 3.125 | Margin: +15.96 | Time: 13.3s
  BS steps with success: 2/2
  [ε = max L2 perturbation allowed (raw), Margin = logit_wrong - logit_true]

[  9/100] Image ID   8 (Label:   5, κ=0.00)
  ✓ SUCCESS
  L2: 3.1129 (norm: 0.0642) | ε: 3.125 | Margin: +19.74 | Time: 13.3s
  BS steps with success: 2/2
  [ε = max L2 perturbation allowed (raw), Margin = logit_wrong - logit_true]

[ 10/100] Image ID   9 (Label:   8, κ=0.00)
  ✓ SUCCESS
  L2: 3.1250 (norm: 0.0644) | ε: 3.125 | Margin: +16.13 | Time: 13.3s
  BS steps with success: 2/2
  [ε = max L2 perturbation allowed (raw), Margin = logit_wrong - logit_true]

  Progress: 10/100 | Elapsed: 2.2min | Remaining: ~20.1min

[ 11/100] Image ID  10 (Label:   5, κ=0.00)
  ✓ SUCCESS
  L2: 3.1250 (norm: 0.0644) | ε: 3.125 | Margin: +11.75 | Time: 13.3s
  BS steps with success: 2/2
  [ε = max L2 perturbation allowed (raw), Margin = logit_wrong - logit_true]

[ 12/100] Image ID  11 (Label:   8, κ=0.00)
  ✓ SUCCESS
  L2: 3.1142 (norm: 0.0642) | ε: 3.125 | Margin: +24.62 | Time: 13.3s
  BS steps with success: 2/2
  [ε = max L2 perturbation allowed (raw), Margin = logit_wrong - logit_true]

[ 13/100] Image ID  12 (Label:   2, κ=0.00)
  ✓ SUCCESS
  L2: 3.1250 (norm: 0.0644) | ε: 3.125 | Margin: +13.40 | Time: 13.3s
  BS steps with success: 2/2
  [ε = max L2 perturbation allowed (raw), Margin = logit_wrong - logit_true]

[ 14/100] Image ID  13 (Label:   1, κ=0.00)
  ✓ SUCCESS
  L2: 3.1190 (norm: 0.0643) | ε: 3.125 | Margin: +5.25 | Time: 13.3s
  BS steps with success: 2/2
  [ε = max L2 perturbation allowed (raw), Margin = logit_wrong - logit_true]

[ 15/100] Image ID  14 (Label:   1, κ=0.00)
  ✓ SUCCESS
  L2: 3.1250 (norm: 0.0644) | ε: 3.125 | Margin: +8.02 | Time: 13.3s
  BS steps with success: 2/2
  [ε = max L2 perturbation allowed (raw), Margin = logit_wrong - logit_true]

[ 16/100] Image ID  15 (Label:   5, κ=0.00)
  ✓ SUCCESS
  L2: 3.1250 (norm: 0.0644) | ε: 3.125 | Margin: +7.50 | Time: 13.3s
  BS steps with success: 2/2
  [ε = max L2 perturbation allowed (raw), Margin = logit_wrong - logit_true]

[ 17/100] Image ID  16 (Label:   4, κ=0.00)
  ✓ SUCCESS
  L2: 3.1245 (norm: 0.0644) | ε: 3.125 | Margin: +17.54 | Time: 13.3s
  BS steps with success: 2/2
  [ε = max L2 perturbation allowed (raw), Margin = logit_wrong - logit_true]

[ 18/100] Image ID  17 (Label:   3, κ=0.00)
  ✓ SUCCESS
  L2: 3.1249 (norm: 0.0644) | ε: 3.125 | Margin: +12.78 | Time: 13.3s
  BS steps with success: 2/2
  [ε = max L2 perturbation allowed (raw), Margin = logit_wrong - logit_true]

[ 19/100] Image ID  18 (Label:   2, κ=0.00)
  ✓ SUCCESS
  L2: 3.1250 (norm: 0.0644) | ε: 3.125 | Margin: +20.49 | Time: 13.3s
  BS steps with success: 2/2
  [ε = max L2 perturbation allowed (raw), Margin = logit_wrong - logit_true]

[ 20/100] Image ID  19 (Label:   8, κ=0.00)
  ✓ SUCCESS
  L2: 3.1111 (norm: 0.0642) | ε: 3.125 | Margin: +12.18 | Time: 13.3s
  BS steps with success: 2/2
  [ε = max L2 perturbation allowed (raw), Margin = logit_wrong - logit_true]

  Progress: 20/100 | Elapsed: 4.4min | Remaining: ~17.8min

[ 21/100] Image ID  20 (Label:   2, κ=0.00)
  ✓ SUCCESS
  L2: 3.1250 (norm: 0.0644) | ε: 3.125 | Margin: +10.97 | Time: 13.3s
  BS steps with success: 2/2
  [ε = max L2 perturbation allowed (raw), Margin = logit_wrong - logit_true]

[ 22/100] Image ID  21 (Label:   5, κ=0.00)
  ✓ SUCCESS
  L2: 3.0774 (norm: 0.0635) | ε: 3.125 | Margin: +18.26 | Time: 13.3s
  BS steps with success: 2/2
  [ε = max L2 perturbation allowed (raw), Margin = logit_wrong - logit_true]

[ 23/100] Image ID  22 (Label:   8, κ=0.00)
  ✓ SUCCESS
  L2: 3.1250 (norm: 0.0644) | ε: 3.125 | Margin: +20.81 | Time: 13.3s
  BS steps with success: 2/2
  [ε = max L2 perturbation allowed (raw), Margin = logit_wrong - logit_true]

[ 24/100] Image ID  23 (Label:   3, κ=0.00)
  ✓ SUCCESS
  L2: 3.1250 (norm: 0.0644) | ε: 3.125 | Margin: +11.21 | Time: 13.3s
  BS steps with success: 2/2
  [ε = max L2 perturbation allowed (raw), Margin = logit_wrong - logit_true]

[ 25/100] Image ID  24 (Label:   8, κ=0.00)
  ✓ SUCCESS
  L2: 3.1094 (norm: 0.0641) | ε: 3.125 | Margin: +7.88 | Time: 13.3s
  BS steps with success: 2/2
  [ε = max L2 perturbation allowed (raw), Margin = logit_wrong - logit_true]

[ 26/100] Image ID  25 (Label:   5, κ=0.00)
  ✓ SUCCESS
  L2: 3.1250 (norm: 0.0644) | ε: 3.125 | Margin: +6.54 | Time: 13.3s
  BS steps with success: 2/2
  [ε = max L2 perturbation allowed (raw), Margin = logit_wrong - logit_true]

[ 27/100] Image ID  26 (Label:   3, κ=0.00)
  ✓ SUCCESS
  L2: 3.1250 (norm: 0.0644) | ε: 3.125 | Margin: +13.20 | Time: 13.3s
  BS steps with success: 2/2
  [ε = max L2 perturbation allowed (raw), Margin = logit_wrong - logit_true]

[ 28/100] Image ID  27 (Label:   3, κ=0.00)
  ✓ SUCCESS
  L2: 3.1250 (norm: 0.0644) | ε: 3.125 | Margin: +22.39 | Time: 13.3s
  BS steps with success: 2/2
  [ε = max L2 perturbation allowed (raw), Margin = logit_wrong - logit_true]

[ 29/100] Image ID  28 (Label:   1, κ=0.00)
  ✓ SUCCESS
  L2: 3.1250 (norm: 0.0644) | ε: 3.125 | Margin: +15.58 | Time: 13.3s
  BS steps with success: 2/2
  [ε = max L2 perturbation allowed (raw), Margin = logit_wrong - logit_true]

[ 30/100] Image ID  29 (Label:   3, κ=0.00)
  ✓ SUCCESS
  L2: 3.1209 (norm: 0.0644) | ε: 3.125 | Margin: +22.15 | Time: 13.3s
  BS steps with success: 2/2
  [ε = max L2 perturbation allowed (raw), Margin = logit_wrong - logit_true]

  Progress: 30/100 | Elapsed: 6.7min | Remaining: ~15.6min

[ 31/100] Image ID  30 (Label:   0, κ=0.00)
  ✓ SUCCESS
  L2: 3.1250 (norm: 0.0644) | ε: 3.125 | Margin: +21.47 | Time: 13.3s
  BS steps with success: 2/2
  [ε = max L2 perturbation allowed (raw), Margin = logit_wrong - logit_true]

[ 32/100] Image ID  31 (Label:   1, κ=0.00)
  ✓ SUCCESS
  L2: 3.1250 (norm: 0.0644) | ε: 3.125 | Margin: +6.75 | Time: 13.2s
  BS steps with success: 2/2
  [ε = max L2 perturbation allowed (raw), Margin = logit_wrong - logit_true]

[ 33/100] Image ID  32 (Label:   8, κ=0.00)
  ✓ SUCCESS
  L2: 3.1225 (norm: 0.0644) | ε: 3.125 | Margin: +13.37 | Time: 13.2s
  BS steps with success: 2/2
  [ε = max L2 perturbation allowed (raw), Margin = logit_wrong - logit_true]

[ 34/100] Image ID  33 (Label:   3, κ=0.00)
  ✓ SUCCESS
  L2: 3.1244 (norm: 0.0644) | ε: 3.125 | Margin: +11.49 | Time: 13.2s
  BS steps with success: 2/2
  [ε = max L2 perturbation allowed (raw), Margin = logit_wrong - logit_true]

[ 35/100] Image ID  34 (Label:   0, κ=0.00)
  ✓ SUCCESS
  L2: 3.1250 (norm: 0.0644) | ε: 3.125 | Margin: +6.42 | Time: 13.2s
  BS steps with success: 2/2
  [ε = max L2 perturbation allowed (raw), Margin = logit_wrong - logit_true]

[ 36/100] Image ID  35 (Label:   8, κ=0.00)
  ✓ SUCCESS
  L2: 3.1083 (norm: 0.0641) | ε: 3.125 | Margin: +17.02 | Time: 13.2s
  BS steps with success: 2/2
  [ε = max L2 perturbation allowed (raw), Margin = logit_wrong - logit_true]

[ 37/100] Image ID  36 (Label:   5, κ=0.00)
  ✓ SUCCESS
  L2: 3.1172 (norm: 0.0643) | ε: 3.125 | Margin: +15.88 | Time: 13.2s
  BS steps with success: 2/2
  [ε = max L2 perturbation allowed (raw), Margin = logit_wrong - logit_true]

[ 38/100] Image ID  37 (Label:   4, κ=0.00)
  ✓ SUCCESS
  L2: 3.1250 (norm: 0.0644) | ε: 3.125 | Margin: +12.06 | Time: 13.2s
  BS steps with success: 2/2
  [ε = max L2 perturbation allowed (raw), Margin = logit_wrong - logit_true]

[ 39/100] Image ID  38 (Label:   3, κ=0.00)
  ✓ SUCCESS
  L2: 3.1250 (norm: 0.0644) | ε: 3.125 | Margin: +22.32 | Time: 13.2s
  BS steps with success: 2/2
  [ε = max L2 perturbation allowed (raw), Margin = logit_wrong - logit_true]

[ 40/100] Image ID  39 (Label:   7, κ=0.00)
  ✓ SUCCESS
  L2: 3.1250 (norm: 0.0644) | ε: 3.125 | Margin: +20.23 | Time: 13.2s
  BS steps with success: 2/2
  [ε = max L2 perturbation allowed (raw), Margin = logit_wrong - logit_true]

  Progress: 40/100 | Elapsed: 8.9min | Remaining: ~13.3min

[ 41/100] Image ID  40 (Label:   1, κ=0.00)
  ✓ SUCCESS
  L2: 3.1250 (norm: 0.0644) | ε: 3.125 | Margin: +15.95 | Time: 13.2s
  BS steps with success: 2/2
  [ε = max L2 perturbation allowed (raw), Margin = logit_wrong - logit_true]

[ 42/100] Image ID  41 (Label:   6, κ=0.00)
  ✓ SUCCESS
  L2: 3.1104 (norm: 0.0641) | ε: 3.125 | Margin: +10.34 | Time: 13.2s
  BS steps with success: 2/2
  [ε = max L2 perturbation allowed (raw), Margin = logit_wrong - logit_true]

[ 43/100] Image ID  42 (Label:   5, κ=0.00)
  ✓ SUCCESS
  L2: 3.1250 (norm: 0.0644) | ε: 3.125 | Margin: +11.01 | Time: 13.2s
  BS steps with success: 2/2
  [ε = max L2 perturbation allowed (raw), Margin = logit_wrong - logit_true]

[ 44/100] Image ID  43 (Label:   6, κ=0.00)
  ✓ SUCCESS
  L2: 3.1196 (norm: 0.0643) | ε: 3.125 | Margin: +10.58 | Time: 13.2s
  BS steps with success: 2/2
  [ε = max L2 perturbation allowed (raw), Margin = logit_wrong - logit_true]

[ 45/100] Image ID  44 (Label:   0, κ=0.00)
  ✓ SUCCESS
  L2: 3.1250 (norm: 0.0644) | ε: 3.125 | Margin: +14.16 | Time: 13.2s
  BS steps with success: 2/2
  [ε = max L2 perturbation allowed (raw), Margin = logit_wrong - logit_true]

[ 46/100] Image ID  45 (Label:   1, κ=0.00)
  ✓ SUCCESS
  L2: 3.1250 (norm: 0.0644) | ε: 3.125 | Margin: +5.51 | Time: 13.2s
  BS steps with success: 2/2
  [ε = max L2 perturbation allowed (raw), Margin = logit_wrong - logit_true]

[ 47/100] Image ID  46 (Label:   2, κ=0.00)
  ✓ SUCCESS
  L2: 3.1250 (norm: 0.0644) | ε: 3.125 | Margin: +17.34 | Time: 13.2s
  BS steps with success: 2/2
  [ε = max L2 perturbation allowed (raw), Margin = logit_wrong - logit_true]

[ 48/100] Image ID  47 (Label:   0, κ=0.00)
  ✓ SUCCESS
  L2: 3.1250 (norm: 0.0644) | ε: 3.125 | Margin: +22.51 | Time: 13.2s
  BS steps with success: 2/2
  [ε = max L2 perturbation allowed (raw), Margin = logit_wrong - logit_true]

[ 49/100] Image ID  48 (Label:   1, κ=0.00)
  ✓ SUCCESS
  L2: 3.1250 (norm: 0.0644) | ε: 3.125 | Margin: +6.35 | Time: 13.2s
  BS steps with success: 2/2
  [ε = max L2 perturbation allowed (raw), Margin = logit_wrong - logit_true]

[ 50/100] Image ID  49 (Label:   0, κ=0.00)
  ✓ SUCCESS
  L2: 3.1250 (norm: 0.0644) | ε: 3.125 | Margin: +14.62 | Time: 13.2s
  BS steps with success: 2/2
  [ε = max L2 perturbation allowed (raw), Margin = logit_wrong - logit_true]

  Progress: 50/100 | Elapsed: 11.1min | Remaining: ~11.1min

[ 51/100] Image ID  50 (Label:   1, κ=0.00)
  ✓ SUCCESS
  L2: 3.1250 (norm: 0.0644) | ε: 3.125 | Margin: +15.24 | Time: 13.2s
  BS steps with success: 2/2
  [ε = max L2 perturbation allowed (raw), Margin = logit_wrong - logit_true]

[ 52/100] Image ID  51 (Label:   8, κ=0.00)
  ✓ SUCCESS
  L2: 3.1246 (norm: 0.0644) | ε: 3.125 | Margin: +18.06 | Time: 13.2s
  BS steps with success: 2/2
  [ε = max L2 perturbation allowed (raw), Margin = logit_wrong - logit_true]

[ 53/100] Image ID  52 (Label:   4, κ=0.00)
  ✓ SUCCESS
  L2: 3.1202 (norm: 0.0643) | ε: 3.125 | Margin: +12.70 | Time: 13.2s
  BS steps with success: 2/2
  [ε = max L2 perturbation allowed (raw), Margin = logit_wrong - logit_true]

[ 54/100] Image ID  53 (Label:   6, κ=0.00)
  ✓ SUCCESS
  L2: 3.1219 (norm: 0.0644) | ε: 3.125 | Margin: +17.63 | Time: 13.2s
  BS steps with success: 2/2
  [ε = max L2 perturbation allowed (raw), Margin = logit_wrong - logit_true]

[ 55/100] Image ID  54 (Label:   5, κ=0.00)
  ✓ SUCCESS
  L2: 3.1250 (norm: 0.0644) | ε: 3.125 | Margin: +14.08 | Time: 13.2s
  BS steps with success: 2/2
  [ε = max L2 perturbation allowed (raw), Margin = logit_wrong - logit_true]

[ 56/100] Image ID  55 (Label:   1, κ=0.00)
  ✓ SUCCESS
  L2: 3.1250 (norm: 0.0644) | ε: 3.125 | Margin: +14.51 | Time: 13.2s
  BS steps with success: 2/2
  [ε = max L2 perturbation allowed (raw), Margin = logit_wrong - logit_true]

[ 57/100] Image ID  56 (Label:   3, κ=0.00)
  ✓ SUCCESS
  L2: 3.1250 (norm: 0.0644) | ε: 3.125 | Margin: +11.17 | Time: 13.2s
  BS steps with success: 2/2
  [ε = max L2 perturbation allowed (raw), Margin = logit_wrong - logit_true]

[ 58/100] Image ID  57 (Label:   4, κ=0.00)
  ✓ SUCCESS
  L2: 3.1250 (norm: 0.0644) | ε: 3.125 | Margin: +12.31 | Time: 13.2s
  BS steps with success: 2/2
  [ε = max L2 perturbation allowed (raw), Margin = logit_wrong - logit_true]

[ 59/100] Image ID  58 (Label:   0, κ=0.00)
  ✓ SUCCESS
  L2: 3.1250 (norm: 0.0644) | ε: 3.125 | Margin: +6.05 | Time: 13.2s
  BS steps with success: 2/2
  [ε = max L2 perturbation allowed (raw), Margin = logit_wrong - logit_true]

[ 60/100] Image ID  59 (Label:   0, κ=0.00)
  ✓ SUCCESS
  L2: 3.1250 (norm: 0.0644) | ε: 3.125 | Margin: +11.89 | Time: 13.2s
  BS steps with success: 2/2
  [ε = max L2 perturbation allowed (raw), Margin = logit_wrong - logit_true]

  Progress: 60/100 | Elapsed: 13.3min | Remaining: ~8.8min

[ 61/100] Image ID  60 (Label:   6, κ=0.00)
  ✓ SUCCESS
  L2: 3.1128 (norm: 0.0642) | ε: 3.125 | Margin: +9.16 | Time: 13.2s
  BS steps with success: 2/2
  [ε = max L2 perturbation allowed (raw), Margin = logit_wrong - logit_true]

[ 62/100] Image ID  61 (Label:   7, κ=0.00)
  ✓ SUCCESS
  L2: 3.1250 (norm: 0.0644) | ε: 3.125 | Margin: +8.96 | Time: 13.2s
  BS steps with success: 2/2
  [ε = max L2 perturbation allowed (raw), Margin = logit_wrong - logit_true]

[ 63/100] Image ID  62 (Label:   1, κ=0.00)
  ✓ SUCCESS
  L2: 3.1250 (norm: 0.0644) | ε: 3.125 | Margin: +9.02 | Time: 13.2s
  BS steps with success: 2/2
  [ε = max L2 perturbation allowed (raw), Margin = logit_wrong - logit_true]

[ 64/100] Image ID  63 (Label:   5, κ=0.00)
  ✓ SUCCESS
  L2: 3.1250 (norm: 0.0644) | ε: 3.125 | Margin: +14.12 | Time: 13.2s
  BS steps with success: 2/2
  [ε = max L2 perturbation allowed (raw), Margin = logit_wrong - logit_true]

[ 65/100] Image ID  64 (Label:   6, κ=0.00)
  ✓ SUCCESS
  L2: 3.1250 (norm: 0.0644) | ε: 3.125 | Margin: +11.51 | Time: 13.2s
  BS steps with success: 2/2
  [ε = max L2 perturbation allowed (raw), Margin = logit_wrong - logit_true]

[ 66/100] Image ID  65 (Label:   6, κ=0.00)
  ✓ SUCCESS
  L2: 3.1246 (norm: 0.0644) | ε: 3.125 | Margin: +7.85 | Time: 13.2s
  BS steps with success: 2/2
  [ε = max L2 perturbation allowed (raw), Margin = logit_wrong - logit_true]

[ 67/100] Image ID  66 (Label:   5, κ=0.00)
  ✓ SUCCESS
  L2: 3.1250 (norm: 0.0644) | ε: 3.125 | Margin: +5.74 | Time: 13.2s
  BS steps with success: 2/2
  [ε = max L2 perturbation allowed (raw), Margin = logit_wrong - logit_true]

[ 68/100] Image ID  67 (Label:   8, κ=0.00)
  ✓ SUCCESS
  L2: 3.1250 (norm: 0.0644) | ε: 3.125 | Margin: +13.31 | Time: 13.2s
  BS steps with success: 2/2
  [ε = max L2 perturbation allowed (raw), Margin = logit_wrong - logit_true]

[ 69/100] Image ID  68 (Label:   0, κ=0.00)
  ✓ SUCCESS
  L2: 3.1250 (norm: 0.0644) | ε: 3.125 | Margin: +9.57 | Time: 13.2s
  BS steps with success: 2/2
  [ε = max L2 perturbation allowed (raw), Margin = logit_wrong - logit_true]

[ 70/100] Image ID  69 (Label:   2, κ=0.00)
  ✓ SUCCESS
  L2: 3.1250 (norm: 0.0644) | ε: 3.125 | Margin: +9.52 | Time: 13.2s
  BS steps with success: 2/2
  [ε = max L2 perturbation allowed (raw), Margin = logit_wrong - logit_true]

  Progress: 70/100 | Elapsed: 15.5min | Remaining: ~6.6min

[ 71/100] Image ID  70 (Label:   1, κ=0.00)
  ✓ SUCCESS
  L2: 3.1250 (norm: 0.0644) | ε: 3.125 | Margin: +17.57 | Time: 13.2s
  BS steps with success: 2/2
  [ε = max L2 perturbation allowed (raw), Margin = logit_wrong - logit_true]

[ 72/100] Image ID  71 (Label:   3, κ=0.00)
  ✓ SUCCESS
  L2: 3.1245 (norm: 0.0644) | ε: 3.125 | Margin: +14.52 | Time: 13.2s
  BS steps with success: 2/2
  [ε = max L2 perturbation allowed (raw), Margin = logit_wrong - logit_true]

[ 73/100] Image ID  72 (Label:   3, κ=0.00)
  ✓ SUCCESS
  L2: 3.1244 (norm: 0.0644) | ε: 3.125 | Margin: +10.59 | Time: 13.2s
  BS steps with success: 2/2
  [ε = max L2 perturbation allowed (raw), Margin = logit_wrong - logit_true]

[ 74/100] Image ID  73 (Label:   3, κ=0.00)
  ✓ SUCCESS
  L2: 3.1238 (norm: 0.0644) | ε: 3.125 | Margin: +22.98 | Time: 13.2s
  BS steps with success: 2/2
  [ε = max L2 perturbation allowed (raw), Margin = logit_wrong - logit_true]

[ 75/100] Image ID  74 (Label:   8, κ=0.00)
  ✓ SUCCESS
  L2: 3.1163 (norm: 0.0643) | ε: 3.125 | Margin: +20.52 | Time: 13.2s
  BS steps with success: 2/2
  [ε = max L2 perturbation allowed (raw), Margin = logit_wrong - logit_true]

[ 76/100] Image ID  75 (Label:   7, κ=0.00)
  ✓ SUCCESS
  L2: 3.1250 (norm: 0.0644) | ε: 3.125 | Margin: +17.62 | Time: 13.2s
  BS steps with success: 2/2
  [ε = max L2 perturbation allowed (raw), Margin = logit_wrong - logit_true]

[ 77/100] Image ID  76 (Label:   5, κ=0.00)
  ✓ SUCCESS
  L2: 3.1250 (norm: 0.0644) | ε: 3.125 | Margin: +5.44 | Time: 13.2s
  BS steps with success: 2/2
  [ε = max L2 perturbation allowed (raw), Margin = logit_wrong - logit_true]

[ 78/100] Image ID  77 (Label:   8, κ=0.00)
  ✓ SUCCESS
  L2: 3.1250 (norm: 0.0644) | ε: 3.125 | Margin: +11.71 | Time: 13.2s
  BS steps with success: 2/2
  [ε = max L2 perturbation allowed (raw), Margin = logit_wrong - logit_true]

[ 79/100] Image ID  78 (Label:   0, κ=0.00)
  ✓ SUCCESS
  L2: 3.1250 (norm: 0.0644) | ε: 3.125 | Margin: +20.29 | Time: 13.2s
  BS steps with success: 2/2
  [ε = max L2 perturbation allowed (raw), Margin = logit_wrong - logit_true]

[ 80/100] Image ID  79 (Label:   4, κ=0.00)
  ✓ SUCCESS
  L2: 3.1201 (norm: 0.0643) | ε: 3.125 | Margin: +8.48 | Time: 13.2s
  BS steps with success: 2/2
  [ε = max L2 perturbation allowed (raw), Margin = logit_wrong - logit_true]

  Progress: 80/100 | Elapsed: 17.7min | Remaining: ~4.4min

[ 81/100] Image ID  80 (Label:   5, κ=0.00)
  ✓ SUCCESS
  L2: 3.0098 (norm: 0.0621) | ε: 3.125 | Margin: +7.65 | Time: 13.2s
  BS steps with success: 2/2
  [ε = max L2 perturbation allowed (raw), Margin = logit_wrong - logit_true]

[ 82/100] Image ID  81 (Label:   4, κ=0.00)
  ✓ SUCCESS
  L2: 3.1249 (norm: 0.0644) | ε: 3.125 | Margin: +12.60 | Time: 13.2s
  BS steps with success: 2/2
  [ε = max L2 perturbation allowed (raw), Margin = logit_wrong - logit_true]

[ 83/100] Image ID  82 (Label:   0, κ=0.00)
  ✓ SUCCESS
  L2: 3.1250 (norm: 0.0644) | ε: 3.125 | Margin: +19.08 | Time: 13.2s
  BS steps with success: 2/2
  [ε = max L2 perturbation allowed (raw), Margin = logit_wrong - logit_true]

[ 84/100] Image ID  83 (Label:   0, κ=0.00)
  ✓ SUCCESS
  L2: 3.1250 (norm: 0.0644) | ε: 3.125 | Margin: +8.96 | Time: 13.2s
  BS steps with success: 2/2
  [ε = max L2 perturbation allowed (raw), Margin = logit_wrong - logit_true]

[ 85/100] Image ID  84 (Label:   5, κ=0.00)
  ✓ SUCCESS
  L2: 3.0617 (norm: 0.0631) | ε: 3.125 | Margin: +10.55 | Time: 13.2s
  BS steps with success: 2/2
  [ε = max L2 perturbation allowed (raw), Margin = logit_wrong - logit_true]

[ 86/100] Image ID  85 (Label:   8, κ=0.00)
  ✓ SUCCESS
  L2: 3.0785 (norm: 0.0635) | ε: 3.125 | Margin: +22.32 | Time: 13.2s
  BS steps with success: 2/2
  [ε = max L2 perturbation allowed (raw), Margin = logit_wrong - logit_true]

[ 87/100] Image ID  86 (Label:   5, κ=0.00)
  ✓ SUCCESS
  L2: 3.1250 (norm: 0.0644) | ε: 3.125 | Margin: +16.49 | Time: 13.2s
  BS steps with success: 2/2
  [ε = max L2 perturbation allowed (raw), Margin = logit_wrong - logit_true]

[ 88/100] Image ID  87 (Label:   3, κ=0.00)
  ✓ SUCCESS
  L2: 3.1247 (norm: 0.0644) | ε: 3.125 | Margin: +12.13 | Time: 13.2s
  BS steps with success: 2/2
  [ε = max L2 perturbation allowed (raw), Margin = logit_wrong - logit_true]

[ 89/100] Image ID  88 (Label:   7, κ=0.00)
  ✓ SUCCESS
  L2: 3.1249 (norm: 0.0644) | ε: 3.125 | Margin: +12.39 | Time: 13.2s
  BS steps with success: 2/2
  [ε = max L2 perturbation allowed (raw), Margin = logit_wrong - logit_true]

[ 90/100] Image ID  89 (Label:   0, κ=0.00)
  ✓ SUCCESS
  L2: 3.1250 (norm: 0.0644) | ε: 3.125 | Margin: +18.48 | Time: 13.2s
  BS steps with success: 2/2
  [ε = max L2 perturbation allowed (raw), Margin = logit_wrong - logit_true]

  Progress: 90/100 | Elapsed: 19.9min | Remaining: ~2.2min

[ 91/100] Image ID  90 (Label:   3, κ=0.00)
  ✓ SUCCESS
  L2: 3.1250 (norm: 0.0644) | ε: 3.125 | Margin: +18.25 | Time: 13.2s
  BS steps with success: 2/2
  [ε = max L2 perturbation allowed (raw), Margin = logit_wrong - logit_true]

[ 92/100] Image ID  91 (Label:   6, κ=0.00)
  ✓ SUCCESS
  L2: 3.1230 (norm: 0.0644) | ε: 3.125 | Margin: +20.56 | Time: 13.1s
  BS steps with success: 2/2
  [ε = max L2 perturbation allowed (raw), Margin = logit_wrong - logit_true]

[ 93/100] Image ID  92 (Label:   4, κ=0.00)
  ✓ SUCCESS
  L2: 3.1250 (norm: 0.0644) | ε: 3.125 | Margin: +9.81 | Time: 13.1s
  BS steps with success: 2/2
  [ε = max L2 perturbation allowed (raw), Margin = logit_wrong - logit_true]

[ 94/100] Image ID  93 (Label:   3, κ=0.00)
  ✓ SUCCESS
  L2: 3.1250 (norm: 0.0644) | ε: 3.125 | Margin: +25.74 | Time: 13.1s
  BS steps with success: 2/2
  [ε = max L2 perturbation allowed (raw), Margin = logit_wrong - logit_true]

[ 95/100] Image ID  94 (Label:   3, κ=0.00)
  ✓ SUCCESS
  L2: 3.1247 (norm: 0.0644) | ε: 3.125 | Margin: +10.60 | Time: 13.1s
  BS steps with success: 2/2
  [ε = max L2 perturbation allowed (raw), Margin = logit_wrong - logit_true]

[ 96/100] Image ID  95 (Label:   1, κ=0.00)
  ✓ SUCCESS
  L2: 3.1250 (norm: 0.0644) | ε: 3.125 | Margin: +15.16 | Time: 13.1s
  BS steps with success: 2/2
  [ε = max L2 perturbation allowed (raw), Margin = logit_wrong - logit_true]

[ 97/100] Image ID  96 (Label:   4, κ=0.00)
  ✓ SUCCESS
  L2: 3.1246 (norm: 0.0644) | ε: 3.125 | Margin: +12.66 | Time: 13.1s
  BS steps with success: 2/2
  [ε = max L2 perturbation allowed (raw), Margin = logit_wrong - logit_true]

[ 98/100] Image ID  97 (Label:   5, κ=0.00)
  ✓ SUCCESS
  L2: 3.1250 (norm: 0.0644) | ε: 3.125 | Margin: +12.41 | Time: 13.1s
  BS steps with success: 2/2
  [ε = max L2 perturbation allowed (raw), Margin = logit_wrong - logit_true]

[ 99/100] Image ID  98 (Label:   3, κ=0.00)
  ✓ SUCCESS
  L2: 3.1244 (norm: 0.0644) | ε: 3.125 | Margin: +20.00 | Time: 13.2s
  BS steps with success: 2/2
  [ε = max L2 perturbation allowed (raw), Margin = logit_wrong - logit_true]

[100/100] Image ID  99 (Label:   8, κ=0.00)
  ✓ SUCCESS
  L2: 3.1241 (norm: 0.0644) | ε: 3.125 | Margin: +12.25 | Time: 13.2s
  BS steps with success: 2/2
  [ε = max L2 perturbation allowed (raw), Margin = logit_wrong - logit_true]

  Progress: 100/100 | Elapsed: 22.0min | Remaining: ~0.0min

======================================================================
Attack Complete - Computing Statistics
======================================================================

Results:
  Total images: 100
  Successful:   100 (100.0%)
  Failed:       0

L2 Distances:
  Average (all, raw):     3.1207
  Average (all, norm):    0.064347
  Average (success, raw): 3.1207
  Average (success, norm): 0.064347
  Range (raw):            [3.0098, 3.1250]
  Range (norm):           [0.062062, 0.064436]

Confidence Margins:
  Average (all):     +13.945
  Average (success): +13.945
  Average (failed):  +0.000

Average epsilon used: 3.125

Total duration: 22.04 minutes

======================================================================
Updating State and Saving Results
======================================================================
✓ Updated local_state.json
✓ Saved run history (Run #1)
✓ Updated stats_summary.json

✓ Saved submission to: output/submission_fast.npz
  Shape: (100, 3, 28, 28)
  Dtype: float32

======================================================================
Phase 1 Complete!
======================================================================

Next Steps:
1. Review logs in: logs
2. Submit using: python submit.py output/submission_fast.npz
3. Analyze results: python analyze.py output/submission_fast.npz

==================================================================
Job completed: Sun Nov 23 02:36:51 AM CET 2025
Exit code: 0
==================================================================
